
> designsystem-v2@0.1.0 build-storybook
> storybook build --output-dir /var/folders/nf/s5c1k9c548sb1v5xvhf77b8rnv4nh6/T/chromatic--24261-N2EKILczoMIv

@storybook/cli v7.4.5

info => Cleaning outputDir: /var/folders/nf/s5c1k9c548sb1v5xvhf77b8rnv4nh6/T/chromatic--24261-N2EKILczoMIv
info => Loading presets
info => Building manager..
(node:24398) Warning: Setting the NODE_TLS_REJECT_UNAUTHORIZED environment variable to '0' makes TLS connections and HTTPS requests insecure by disabling certificate verification.
(Use `node --trace-warnings ...` to show where the warning was created)
info => Manager built (223 ms)
info => Copying static files: /Users/efirat/Desktop/DesignSystemNew/node_modules/@storybook/manager/static at /var/folders/nf/s5c1k9c548sb1v5xvhf77b8rnv4nh6/T/chromatic--24261-N2EKILczoMIv/sb-common-assets
vite v4.4.9 building for production...

./sb-common-assets/fonts.css doesn't exist at build time, it will remain unchanged to be resolved at runtime
transforming...
info => Copying static files: /Users/efirat/Desktop/DesignSystemNew/stories/assets/img at /var/folders/nf/s5c1k9c548sb1v5xvhf77b8rnv4nh6/T/chromatic--24261-N2EKILczoMIv/
node_modules/telejson/dist/index.mjs (1413:15) Use of eval in "node_modules/telejson/dist/index.mjs" is strongly discouraged as it poses security risks and may cause issues with minification.
node_modules/telejson/dist/index.mjs (1416:18) Use of eval in "node_modules/telejson/dist/index.mjs" is strongly discouraged as it poses security risks and may cause issues with minification.
✓ 612 modules transformed.
rendering chunks...
computing gzip size...
../../../../var/folders/nf/s5c1k9c548sb1v5xvhf77b8rnv4nh6/T/chromatic--24261-N2EKILczoMIv/assets/logo-figma-b2bcb0b9.svg                          1.59 kB │ gzip:   0.68 kB
../../../../var/folders/nf/s5c1k9c548sb1v5xvhf77b8rnv4nh6/T/chromatic--24261-N2EKILczoMIv/iframe.html                                            12.74 kB │ gzip:   3.57 kB
../../../../var/folders/nf/s5c1k9c548sb1v5xvhf77b8rnv4nh6/T/chromatic--24261-N2EKILczoMIv/assets/Inter-Regular-ed64c5d8.woff2                    98.76 kB
../../../../var/folders/nf/s5c1k9c548sb1v5xvhf77b8rnv4nh6/T/chromatic--24261-N2EKILczoMIv/assets/Inter-Thin-4b4de24f.woff2                       99.14 kB
../../../../var/folders/nf/s5c1k9c548sb1v5xvhf77b8rnv4nh6/T/chromatic--24261-N2EKILczoMIv/assets/Inter-Black-1d1374a7.woff2                     103.83 kB
../../../../var/folders/nf/s5c1k9c548sb1v5xvhf77b8rnv4nh6/T/chromatic--24261-N2EKILczoMIv/assets/Inter-Light-16eb6c3d.woff2                     104.84 kB
../../../../var/folders/nf/s5c1k9c548sb1v5xvhf77b8rnv4nh6/T/chromatic--24261-N2EKILczoMIv/assets/Inter-ExtraLight-ad65e3b1.woff2                105.33 kB
../../../../var/folders/nf/s5c1k9c548sb1v5xvhf77b8rnv4nh6/T/chromatic--24261-N2EKILczoMIv/assets/Inter-Medium-a4ad8ac6.woff2                    105.94 kB
../../../../var/folders/nf/s5c1k9c548sb1v5xvhf77b8rnv4nh6/T/chromatic--24261-N2EKILczoMIv/assets/Inter-SemiBold-d6d09054.woff2                  106.79 kB
../../../../var/folders/nf/s5c1k9c548sb1v5xvhf77b8rnv4nh6/T/chromatic--24261-N2EKILczoMIv/assets/Inter-ExtraBold-d7c30894.woff2                 107.00 kB
../../../../var/folders/nf/s5c1k9c548sb1v5xvhf77b8rnv4nh6/T/chromatic--24261-N2EKILczoMIv/assets/Inter-Bold-04079eb5.woff2                      107.24 kB
../../../../var/folders/nf/s5c1k9c548sb1v5xvhf77b8rnv4nh6/T/chromatic--24261-N2EKILczoMIv/assets/primus-icon-ea0804f9.ttf                       130.33 kB
../../../../var/folders/nf/s5c1k9c548sb1v5xvhf77b8rnv4nh6/T/chromatic--24261-N2EKILczoMIv/assets/primus-icon-588e6aeb.woff                      130.41 kB
../../../../var/folders/nf/s5c1k9c548sb1v5xvhf77b8rnv4nh6/T/chromatic--24261-N2EKILczoMIv/assets/primus-icon-d3380924.eot                       130.51 kB
../../../../var/folders/nf/s5c1k9c548sb1v5xvhf77b8rnv4nh6/T/chromatic--24261-N2EKILczoMIv/assets/Inter-Regular-6ab20422.woff                    149.34 kB
../../../../var/folders/nf/s5c1k9c548sb1v5xvhf77b8rnv4nh6/T/chromatic--24261-N2EKILczoMIv/assets/Inter-Thin-610f2d4e.woff                       150.90 kB
../../../../var/folders/nf/s5c1k9c548sb1v5xvhf77b8rnv4nh6/T/chromatic--24261-N2EKILczoMIv/assets/Inter-Black-fa9c24ee.woff                      155.01 kB
../../../../var/folders/nf/s5c1k9c548sb1v5xvhf77b8rnv4nh6/T/chromatic--24261-N2EKILczoMIv/assets/Inter-Light-703f829f.woff                      156.08 kB
../../../../var/folders/nf/s5c1k9c548sb1v5xvhf77b8rnv4nh6/T/chromatic--24261-N2EKILczoMIv/assets/Inter-ExtraLight-17132a9c.woff                 156.33 kB
../../../../var/folders/nf/s5c1k9c548sb1v5xvhf77b8rnv4nh6/T/chromatic--24261-N2EKILczoMIv/assets/Inter-Medium-860f80f6.woff                     157.89 kB
../../../../var/folders/nf/s5c1k9c548sb1v5xvhf77b8rnv4nh6/T/chromatic--24261-N2EKILczoMIv/assets/Inter-ExtraBold-ba6d2d4b.woff                  158.94 kB
../../../../var/folders/nf/s5c1k9c548sb1v5xvhf77b8rnv4nh6/T/chromatic--24261-N2EKILczoMIv/assets/Inter-SemiBold-492190c4.woff                   159.08 kB
../../../../var/folders/nf/s5c1k9c548sb1v5xvhf77b8rnv4nh6/T/chromatic--24261-N2EKILczoMIv/assets/Inter-Bold-51c34c5f.woff                       159.38 kB
../../../../var/folders/nf/s5c1k9c548sb1v5xvhf77b8rnv4nh6/T/chromatic--24261-N2EKILczoMIv/assets/Inter-Regular-df548578.ttf                     401.79 kB
../../../../var/folders/nf/s5c1k9c548sb1v5xvhf77b8rnv4nh6/T/chromatic--24261-N2EKILczoMIv/assets/Inter-Light-30ffa7fd.ttf                       401.93 kB
../../../../var/folders/nf/s5c1k9c548sb1v5xvhf77b8rnv4nh6/T/chromatic--24261-N2EKILczoMIv/assets/Inter-Regular-f74336e1.eot                     401.99 kB
../../../../var/folders/nf/s5c1k9c548sb1v5xvhf77b8rnv4nh6/T/chromatic--24261-N2EKILczoMIv/assets/Inter-Light-5210eb82.eot                       402.14 kB
../../../../var/folders/nf/s5c1k9c548sb1v5xvhf77b8rnv4nh6/T/chromatic--24261-N2EKILczoMIv/assets/Inter-ExtraLight-d22f5373.ttf                  402.36 kB
../../../../var/folders/nf/s5c1k9c548sb1v5xvhf77b8rnv4nh6/T/chromatic--24261-N2EKILczoMIv/assets/Inter-ExtraLight-5b556c55.eot                  402.59 kB
../../../../var/folders/nf/s5c1k9c548sb1v5xvhf77b8rnv4nh6/T/chromatic--24261-N2EKILczoMIv/assets/Inter-Thin-73def667.ttf                        402.63 kB
../../../../var/folders/nf/s5c1k9c548sb1v5xvhf77b8rnv4nh6/T/chromatic--24261-N2EKILczoMIv/assets/Inter-Thin-b463d5d9.eot                        402.84 kB
../../../../var/folders/nf/s5c1k9c548sb1v5xvhf77b8rnv4nh6/T/chromatic--24261-N2EKILczoMIv/assets/Inter-Medium-d4beba3c.ttf                      406.31 kB
../../../../var/folders/nf/s5c1k9c548sb1v5xvhf77b8rnv4nh6/T/chromatic--24261-N2EKILczoMIv/assets/Inter-Medium-2c1c0b7a.eot                      406.53 kB
../../../../var/folders/nf/s5c1k9c548sb1v5xvhf77b8rnv4nh6/T/chromatic--24261-N2EKILczoMIv/assets/Inter-SemiBold-1c9fb7eb.ttf                    407.26 kB
../../../../var/folders/nf/s5c1k9c548sb1v5xvhf77b8rnv4nh6/T/chromatic--24261-N2EKILczoMIv/assets/Inter-SemiBold-ea28c859.eot                    407.48 kB
../../../../var/folders/nf/s5c1k9c548sb1v5xvhf77b8rnv4nh6/T/chromatic--24261-N2EKILczoMIv/assets/Inter-Bold-a7f19a24.ttf                        407.54 kB
../../../../var/folders/nf/s5c1k9c548sb1v5xvhf77b8rnv4nh6/T/chromatic--24261-N2EKILczoMIv/assets/Inter-Bold-bcef6c27.eot                        407.73 kB
../../../../var/folders/nf/s5c1k9c548sb1v5xvhf77b8rnv4nh6/T/chromatic--24261-N2EKILczoMIv/assets/Inter-ExtraBold-ad26181f.ttf                   408.31 kB
../../../../var/folders/nf/s5c1k9c548sb1v5xvhf77b8rnv4nh6/T/chromatic--24261-N2EKILczoMIv/assets/Inter-Black-b9a1eb1f.ttf                       408.53 kB
../../../../var/folders/nf/s5c1k9c548sb1v5xvhf77b8rnv4nh6/T/chromatic--24261-N2EKILczoMIv/assets/Inter-ExtraBold-efb469ca.eot                   408.54 kB
../../../../var/folders/nf/s5c1k9c548sb1v5xvhf77b8rnv4nh6/T/chromatic--24261-N2EKILczoMIv/assets/Inter-Black-14b9bc78.eot                       408.74 kB
../../../../var/folders/nf/s5c1k9c548sb1v5xvhf77b8rnv4nh6/T/chromatic--24261-N2EKILczoMIv/assets/primus-icon-4600c0d5.svg                       472.39 kB │ gzip: 134.46 kB
../../../../var/folders/nf/s5c1k9c548sb1v5xvhf77b8rnv4nh6/T/chromatic--24261-N2EKILczoMIv/assets/Inter-Black-e29b3294.svg                     1,880.77 kB │ gzip: 256.97 kB
../../../../var/folders/nf/s5c1k9c548sb1v5xvhf77b8rnv4nh6/T/chromatic--24261-N2EKILczoMIv/assets/Inter-Regular-d6da102d.svg                   1,885.31 kB │ gzip: 246.94 kB
../../../../var/folders/nf/s5c1k9c548sb1v5xvhf77b8rnv4nh6/T/chromatic--24261-N2EKILczoMIv/assets/Inter-Thin-df919726.svg                      1,896.99 kB │ gzip: 245.26 kB
../../../../var/folders/nf/s5c1k9c548sb1v5xvhf77b8rnv4nh6/T/chromatic--24261-N2EKILczoMIv/assets/Inter-ExtraLight-c01783ea.svg                1,927.39 kB │ gzip: 265.05 kB
../../../../var/folders/nf/s5c1k9c548sb1v5xvhf77b8rnv4nh6/T/chromatic--24261-N2EKILczoMIv/assets/Inter-Light-36c55e53.svg                     1,936.21 kB │ gzip: 265.88 kB
../../../../var/folders/nf/s5c1k9c548sb1v5xvhf77b8rnv4nh6/T/chromatic--24261-N2EKILczoMIv/assets/Inter-ExtraBold-e1edfd46.svg                 1,957.10 kB │ gzip: 271.21 kB
../../../../var/folders/nf/s5c1k9c548sb1v5xvhf77b8rnv4nh6/T/chromatic--24261-N2EKILczoMIv/assets/Inter-Medium-92ce861e.svg                    1,962.07 kB │ gzip: 270.59 kB
../../../../var/folders/nf/s5c1k9c548sb1v5xvhf77b8rnv4nh6/T/chromatic--24261-N2EKILczoMIv/assets/Inter-Bold-4fd4e3cf.svg                      1,962.16 kB │ gzip: 271.65 kB
../../../../var/folders/nf/s5c1k9c548sb1v5xvhf77b8rnv4nh6/T/chromatic--24261-N2EKILczoMIv/assets/Inter-SemiBold-2746e082.svg                  1,966.61 kB │ gzip: 271.73 kB
../../../../var/folders/nf/s5c1k9c548sb1v5xvhf77b8rnv4nh6/T/chromatic--24261-N2EKILczoMIv/assets/Button-22f2b9d1.css                             32.76 kB │ gzip:   4.14 kB
../../../../var/folders/nf/s5c1k9c548sb1v5xvhf77b8rnv4nh6/T/chromatic--24261-N2EKILczoMIv/assets/preview-83400231.css                            42.65 kB │ gzip:   8.30 kB
../../../../var/folders/nf/s5c1k9c548sb1v5xvhf77b8rnv4nh6/T/chromatic--24261-N2EKILczoMIv/assets/index-9eea8125.js                                0.25 kB │ gzip:   0.20 kB │ map:     0.10 kB
../../../../var/folders/nf/s5c1k9c548sb1v5xvhf77b8rnv4nh6/T/chromatic--24261-N2EKILczoMIv/assets/WithTooltip-J57HCPYA-f8c7d663.js                 0.39 kB │ gzip:   0.25 kB │ map:     0.11 kB
../../../../var/folders/nf/s5c1k9c548sb1v5xvhf77b8rnv4nh6/T/chromatic--24261-N2EKILczoMIv/assets/syntaxhighlighter-PONEFOSF-7420a58f.js           0.41 kB │ gzip:   0.27 kB │ map:     0.12 kB
../../../../var/folders/nf/s5c1k9c548sb1v5xvhf77b8rnv4nh6/T/chromatic--24261-N2EKILczoMIv/assets/preview-ad9a43f9.js                              0.52 kB │ gzip:   0.33 kB │ map:     0.53 kB
../../../../var/folders/nf/s5c1k9c548sb1v5xvhf77b8rnv4nh6/T/chromatic--24261-N2EKILczoMIv/assets/index-a1cf9e47.js                                0.53 kB │ gzip:   0.34 kB │ map:     4.28 kB
../../../../var/folders/nf/s5c1k9c548sb1v5xvhf77b8rnv4nh6/T/chromatic--24261-N2EKILczoMIv/assets/preview-2ca66cd5.js                              0.57 kB │ gzip:   0.42 kB │ map:     1.69 kB
../../../../var/folders/nf/s5c1k9c548sb1v5xvhf77b8rnv4nh6/T/chromatic--24261-N2EKILczoMIv/assets/react-18-38063e1e.js                             0.59 kB │ gzip:   0.38 kB │ map:     2.62 kB
../../../../var/folders/nf/s5c1k9c548sb1v5xvhf77b8rnv4nh6/T/chromatic--24261-N2EKILczoMIv/assets/preview-87eac49b.js                              0.68 kB │ gzip:   0.48 kB │ map:     3.91 kB
../../../../var/folders/nf/s5c1k9c548sb1v5xvhf77b8rnv4nh6/T/chromatic--24261-N2EKILczoMIv/assets/_commonjsHelpers-de833af9.js                     0.75 kB │ gzip:   0.43 kB │ map:     0.11 kB
../../../../var/folders/nf/s5c1k9c548sb1v5xvhf77b8rnv4nh6/T/chromatic--24261-N2EKILczoMIv/assets/index-356e4a49.js                                0.81 kB │ gzip:   0.51 kB │ map:     3.26 kB
../../../../var/folders/nf/s5c1k9c548sb1v5xvhf77b8rnv4nh6/T/chromatic--24261-N2EKILczoMIv/assets/index-8d47fad6.js                                0.84 kB │ gzip:   0.55 kB │ map:     4.10 kB
../../../../var/folders/nf/s5c1k9c548sb1v5xvhf77b8rnv4nh6/T/chromatic--24261-N2EKILczoMIv/assets/preview-b3c37142.js                              0.90 kB │ gzip:   0.59 kB │ map:     2.97 kB
../../../../var/folders/nf/s5c1k9c548sb1v5xvhf77b8rnv4nh6/T/chromatic--24261-N2EKILczoMIv/assets/jsx-runtime-29545a09.js                          1.02 kB │ gzip:   0.64 kB │ map:     2.30 kB
../../../../var/folders/nf/s5c1k9c548sb1v5xvhf77b8rnv4nh6/T/chromatic--24261-N2EKILczoMIv/assets/DocsRenderer-3PUGWF3O-8f37f135.js                1.25 kB │ gzip:   0.69 kB │ map:     2.59 kB
../../../../var/folders/nf/s5c1k9c548sb1v5xvhf77b8rnv4nh6/T/chromatic--24261-N2EKILczoMIv/assets/preview-bed967c6.js                              2.38 kB │ gzip:   1.24 kB │ map:    10.99 kB
../../../../var/folders/nf/s5c1k9c548sb1v5xvhf77b8rnv4nh6/T/chromatic--24261-N2EKILczoMIv/assets/index-d37d4223.js                                2.63 kB │ gzip:   1.30 kB │ map:     7.48 kB
../../../../var/folders/nf/s5c1k9c548sb1v5xvhf77b8rnv4nh6/T/chromatic--24261-N2EKILczoMIv/assets/preview-15309724.js                              3.22 kB │ gzip:   1.39 kB │ map:    10.25 kB
../../../../var/folders/nf/s5c1k9c548sb1v5xvhf77b8rnv4nh6/T/chromatic--24261-N2EKILczoMIv/assets/Principles-1c34b4ab.js                           3.49 kB │ gzip:   1.44 kB │ map:     6.18 kB
../../../../var/folders/nf/s5c1k9c548sb1v5xvhf77b8rnv4nh6/T/chromatic--24261-N2EKILczoMIv/assets/Button.stories-51ab4846.js                       3.92 kB │ gzip:   1.23 kB │ map:     3.08 kB
../../../../var/folders/nf/s5c1k9c548sb1v5xvhf77b8rnv4nh6/T/chromatic--24261-N2EKILczoMIv/assets/Introduction-a4c488f7.js                         4.03 kB │ gzip:   1.69 kB │ map:     6.82 kB
../../../../var/folders/nf/s5c1k9c548sb1v5xvhf77b8rnv4nh6/T/chromatic--24261-N2EKILczoMIv/assets/TabPanel-e67a638a.js                             6.29 kB │ gzip:   2.48 kB │ map:    25.20 kB
../../../../var/folders/nf/s5c1k9c548sb1v5xvhf77b8rnv4nh6/T/chromatic--24261-N2EKILczoMIv/assets/index-76fb7be0.js                                7.21 kB │ gzip:   2.95 kB │ map:    15.72 kB
../../../../var/folders/nf/s5c1k9c548sb1v5xvhf77b8rnv4nh6/T/chromatic--24261-N2EKILczoMIv/assets/preview-b8d6c68d.js                              7.67 kB │ gzip:   1.59 kB │ map:    14.23 kB
../../../../var/folders/nf/s5c1k9c548sb1v5xvhf77b8rnv4nh6/T/chromatic--24261-N2EKILczoMIv/assets/preview-2059b184.js                              8.32 kB │ gzip:   3.20 kB │ map:    29.43 kB
../../../../var/folders/nf/s5c1k9c548sb1v5xvhf77b8rnv4nh6/T/chromatic--24261-N2EKILczoMIv/assets/RadioButton-e38a3c5b.js                          8.99 kB │ gzip:   2.39 kB │ map:    19.47 kB
../../../../var/folders/nf/s5c1k9c548sb1v5xvhf77b8rnv4nh6/T/chromatic--24261-N2EKILczoMIv/assets/Toggle-a021e2f7.js                               9.12 kB │ gzip:   2.46 kB │ map:    19.45 kB
../../../../var/folders/nf/s5c1k9c548sb1v5xvhf77b8rnv4nh6/T/chromatic--24261-N2EKILczoMIv/assets/OTPInput-0e432edc.js                             9.26 kB │ gzip:   2.34 kB │ map:    20.40 kB
../../../../var/folders/nf/s5c1k9c548sb1v5xvhf77b8rnv4nh6/T/chromatic--24261-N2EKILczoMIv/assets/NumberInput-54765fc9.js                          9.41 kB │ gzip:   2.48 kB │ map:    19.75 kB
../../../../var/folders/nf/s5c1k9c548sb1v5xvhf77b8rnv4nh6/T/chromatic--24261-N2EKILczoMIv/assets/SearchInput-1c2bde91.js                         10.09 kB │ gzip:   2.50 kB │ map:    22.15 kB
../../../../var/folders/nf/s5c1k9c548sb1v5xvhf77b8rnv4nh6/T/chromatic--24261-N2EKILczoMIv/assets/Checkbox-a6b75cc5.js                            10.52 kB │ gzip:   2.79 kB │ map:    22.07 kB
../../../../var/folders/nf/s5c1k9c548sb1v5xvhf77b8rnv4nh6/T/chromatic--24261-N2EKILczoMIv/assets/Dropdown-971fbfba.js                            11.26 kB │ gzip:   3.07 kB │ map:    22.45 kB
../../../../var/folders/nf/s5c1k9c548sb1v5xvhf77b8rnv4nh6/T/chromatic--24261-N2EKILczoMIv/assets/iframe-a43f3428.js                              13.16 kB │ gzip:   2.34 kB │ map:     9.39 kB
../../../../var/folders/nf/s5c1k9c548sb1v5xvhf77b8rnv4nh6/T/chromatic--24261-N2EKILczoMIv/assets/Badge-f4833586.js                               13.31 kB │ gzip:   3.25 kB │ map:    27.98 kB
../../../../var/folders/nf/s5c1k9c548sb1v5xvhf77b8rnv4nh6/T/chromatic--24261-N2EKILczoMIv/assets/Radius-b33a20b2.js                              13.70 kB │ gzip:   2.57 kB │ map:    33.21 kB
../../../../var/folders/nf/s5c1k9c548sb1v5xvhf77b8rnv4nh6/T/chromatic--24261-N2EKILczoMIv/assets/DropdownMenu-c437b0c4.js                        13.76 kB │ gzip:   3.55 kB │ map:    28.00 kB
../../../../var/folders/nf/s5c1k9c548sb1v5xvhf77b8rnv4nh6/T/chromatic--24261-N2EKILczoMIv/assets/Textarea-d81dea01.js                            14.92 kB │ gzip:   3.36 kB │ map:    32.11 kB
../../../../var/folders/nf/s5c1k9c548sb1v5xvhf77b8rnv4nh6/T/chromatic--24261-N2EKILczoMIv/assets/GlobalScrollAreaStyles-UY5SB7EJ-820968db.js     15.00 kB │ gzip:   2.79 kB │ map:    21.42 kB
../../../../var/folders/nf/s5c1k9c548sb1v5xvhf77b8rnv4nh6/T/chromatic--24261-N2EKILczoMIv/assets/TextLink-81df32ec.js                            15.69 kB │ gzip:   3.28 kB │ map:    34.92 kB
../../../../var/folders/nf/s5c1k9c548sb1v5xvhf77b8rnv4nh6/T/chromatic--24261-N2EKILczoMIv/assets/Combobox-039ce4c4.js                            17.58 kB │ gzip:   4.02 kB │ map:    37.26 kB
../../../../var/folders/nf/s5c1k9c548sb1v5xvhf77b8rnv4nh6/T/chromatic--24261-N2EKILczoMIv/assets/InputField-96aa00fe.js                          17.81 kB │ gzip:   3.95 kB │ map:    38.39 kB
../../../../var/folders/nf/s5c1k9c548sb1v5xvhf77b8rnv4nh6/T/chromatic--24261-N2EKILczoMIv/assets/Elevation-265d00c7.js                           18.05 kB │ gzip:   4.11 kB │ map:    38.36 kB
../../../../var/folders/nf/s5c1k9c548sb1v5xvhf77b8rnv4nh6/T/chromatic--24261-N2EKILczoMIv/assets/Spacing-1c1a426d.js                             18.95 kB │ gzip:   3.68 kB │ map:    45.55 kB
../../../../var/folders/nf/s5c1k9c548sb1v5xvhf77b8rnv4nh6/T/chromatic--24261-N2EKILczoMIv/assets/Color-451cbf51.js                               20.03 kB │ gzip:   5.37 kB │ map:    39.90 kB
../../../../var/folders/nf/s5c1k9c548sb1v5xvhf77b8rnv4nh6/T/chromatic--24261-N2EKILczoMIv/assets/GroupButton-24cf1914.js                         20.51 kB │ gzip:   4.09 kB │ map:    44.11 kB
../../../../var/folders/nf/s5c1k9c548sb1v5xvhf77b8rnv4nh6/T/chromatic--24261-N2EKILczoMIv/assets/preview-6751e51d.js                             21.12 kB │ gzip:   7.00 kB │ map:    68.35 kB
../../../../var/folders/nf/s5c1k9c548sb1v5xvhf77b8rnv4nh6/T/chromatic--24261-N2EKILczoMIv/assets/MenuButton-7a6c7a33.js                          21.42 kB │ gzip:   4.01 kB │ map:    45.60 kB
../../../../var/folders/nf/s5c1k9c548sb1v5xvhf77b8rnv4nh6/T/chromatic--24261-N2EKILczoMIv/assets/OverlayScrollbars-GZGLA7DL-14afcb95.js          28.95 kB │ gzip:  14.20 kB │ map:   108.14 kB
../../../../var/folders/nf/s5c1k9c548sb1v5xvhf77b8rnv4nh6/T/chromatic--24261-N2EKILczoMIv/assets/Color-6VNJS4EI-ffe87626.js                      31.00 kB │ gzip:  11.63 kB │ map:   112.68 kB
../../../../var/folders/nf/s5c1k9c548sb1v5xvhf77b8rnv4nh6/T/chromatic--24261-N2EKILczoMIv/assets/Pictogram-af003307.js                           51.49 kB │ gzip:   8.20 kB │ map:   118.22 kB
../../../../var/folders/nf/s5c1k9c548sb1v5xvhf77b8rnv4nh6/T/chromatic--24261-N2EKILczoMIv/assets/Typography-9f867347.js                          52.36 kB │ gzip:   7.86 kB │ map:   116.65 kB
../../../../var/folders/nf/s5c1k9c548sb1v5xvhf77b8rnv4nh6/T/chromatic--24261-N2EKILczoMIv/assets/Button-6a472bd9.js                              52.54 kB │ gzip:   7.00 kB │ map:   117.87 kB
../../../../var/folders/nf/s5c1k9c548sb1v5xvhf77b8rnv4nh6/T/chromatic--24261-N2EKILczoMIv/assets/Iconography-7ccb3552.js                         53.42 kB │ gzip:   8.76 kB │ map:   119.18 kB
../../../../var/folders/nf/s5c1k9c548sb1v5xvhf77b8rnv4nh6/T/chromatic--24261-N2EKILczoMIv/assets/IconButton-3b406db3.js                          60.82 kB │ gzip:   6.88 kB │ map:   124.78 kB
../../../../var/folders/nf/s5c1k9c548sb1v5xvhf77b8rnv4nh6/T/chromatic--24261-N2EKILczoMIv/assets/index-ffc7e5ff.js                              212.55 kB │ gzip:  66.45 kB │ map:   653.11 kB
../../../../var/folders/nf/s5c1k9c548sb1v5xvhf77b8rnv4nh6/T/chromatic--24261-N2EKILczoMIv/assets/config-5449214f.js                             213.48 kB │ gzip:  66.38 kB │ map:   803.35 kB
../../../../var/folders/nf/s5c1k9c548sb1v5xvhf77b8rnv4nh6/T/chromatic--24261-N2EKILczoMIv/assets/index-0993a590.js                              516.85 kB │ gzip: 169.20 kB │ map: 1,484.43 kB
../../../../var/folders/nf/s5c1k9c548sb1v5xvhf77b8rnv4nh6/T/chromatic--24261-N2EKILczoMIv/assets/formatter-SWP5E3XI-391aedc2.js                 601.59 kB │ gzip: 185.02 kB │ map: 1,318.59 kB

(!) Some chunks are larger than 500 kBs after minification. Consider:
- Using dynamic import() to code-split the application
- Use build.rollupOptions.output.manualChunks to improve chunking: https://rollupjs.org/configuration-options/#output-manualchunks
- Adjust chunk size limit for this warning via build.chunkSizeWarningLimit.
✓ built in 6.62s
info => Output directory: /var/folders/nf/s5c1k9c548sb1v5xvhf77b8rnv4nh6/T/chromatic--24261-N2EKILczoMIv
